TN:
SF:src/FluidLenderArbitrum.sol
DA:48,0
FN:48,FluidLenderArbitrum.constructor
FNDA:0,FluidLenderArbitrum.constructor
DA:54,0
DA:56,0
DA:57,0
DA:60,0
DA:63,0
DA:68,0
FN:68,FluidLenderArbitrum.balanceOfRewards
FNDA:0,FluidLenderArbitrum.balanceOfRewards
DA:69,0
DA:72,0
FN:72,FluidLenderArbitrum.availableDepositLimit
FNDA:0,FluidLenderArbitrum.availableDepositLimit
DA:75,0
BRDA:75,0,0,-
BRDA:75,0,1,-
DA:77,0
DA:79,0
DA:86,0
FN:86,FluidLenderArbitrum.manualRewardSell
FNDA:0,FluidLenderArbitrum.manualRewardSell
DA:87,0
DA:101,0
FN:101,FluidLenderArbitrum.claimRewards
FNDA:0,FluidLenderArbitrum.claimRewards
DA:110,0
DA:121,0
FN:121,FluidLenderArbitrum._claimAndSellRewards
FNDA:0,FluidLenderArbitrum._claimAndSellRewards
DA:123,0
DA:124,0
BRDA:124,1,0,-
DA:125,0
DA:126,0
DA:127,0
DA:129,0
DA:130,0
BRDA:130,2,0,-
DA:132,0
BRDA:132,3,0,-
DA:133,0
DA:138,0
FN:138,FluidLenderArbitrum._sellFluidToWeth
FNDA:0,FluidLenderArbitrum._sellFluidToWeth
DA:139,0
DA:142,0
FN:142,FluidLenderArbitrum.manualSwapWeth
FNDA:0,FluidLenderArbitrum.manualSwapWeth
DA:143,0
DA:144,0
DA:151,0
FN:151,FluidLenderArbitrum.receive
FNDA:0,FluidLenderArbitrum.receive
DA:152,0
BRDA:152,4,0,-
DA:153,0
DA:161,0
FN:161,FluidLenderArbitrum.kickAuction
FNDA:0,FluidLenderArbitrum.kickAuction
DA:164,0
DA:167,0
FN:167,FluidLenderArbitrum._kickAuction
FNDA:0,FluidLenderArbitrum._kickAuction
DA:168,0
BRDA:168,5,0,-
BRDA:168,5,1,-
DA:172,0
DA:173,0
DA:174,0
DA:184,0
FN:184,FluidLenderArbitrum.setMinFluidToSell
FNDA:0,FluidLenderArbitrum.setMinFluidToSell
DA:187,0
DA:195,0
FN:195,FluidLenderArbitrum.setUniV3Fees
FNDA:0,FluidLenderArbitrum.setUniV3Fees
DA:196,0
DA:204,0
FN:204,FluidLenderArbitrum.setAuction
FNDA:0,FluidLenderArbitrum.setAuction
DA:205,0
BRDA:205,6,0,-
DA:206,0
BRDA:206,7,0,-
BRDA:206,7,1,-
DA:211,0
BRDA:211,8,0,-
BRDA:211,8,1,-
DA:216,0
DA:224,0
FN:224,FluidLenderArbitrum.setUseAuction
FNDA:0,FluidLenderArbitrum.setUseAuction
DA:225,0
BRDA:225,9,0,-
BRDA:225,10,0,-
BRDA:225,10,1,-
DA:226,0
DA:234,0
FN:234,FluidLenderArbitrum.setOpenDeposits
FNDA:0,FluidLenderArbitrum.setOpenDeposits
DA:235,0
DA:244,0
FN:244,FluidLenderArbitrum.setAllowed
FNDA:0,FluidLenderArbitrum.setAllowed
DA:248,0
FNF:17
FNH:0
LF:57
LH:0
BRF:16
BRH:0
end_of_record
TN:
SF:src/FluidLenderBase.sol
DA:66,0
FN:66,FluidLenderBase.constructor
FNDA:0,FluidLenderBase.constructor
DA:71,0
DA:74,0
BRDA:74,0,0,-
DA:75,0
DA:76,0
DA:80,0
BRDA:80,1,0,-
DA:81,0
DA:82,0
DA:85,0
DA:90,0
FN:90,FluidLenderBase.balanceOfRewards
FNDA:0,FluidLenderBase.balanceOfRewards
DA:91,0
DA:94,0
FN:94,FluidLenderBase.availableDepositLimit
FNDA:0,FluidLenderBase.availableDepositLimit
DA:97,0
BRDA:97,2,0,-
BRDA:97,2,1,-
DA:99,0
DA:101,0
DA:108,0
FN:108,FluidLenderBase.manualRewardSell
FNDA:0,FluidLenderBase.manualRewardSell
DA:109,0
DA:123,0
FN:123,FluidLenderBase.claimRewards
FNDA:0,FluidLenderBase.claimRewards
DA:132,0
DA:143,0
FN:143,FluidLenderBase._claimAndSellRewards
FNDA:0,FluidLenderBase._claimAndSellRewards
DA:145,0
DA:146,0
BRDA:146,3,0,-
DA:147,0
DA:148,0
DA:150,0
DA:151,0
BRDA:151,4,0,-
DA:153,0
BRDA:153,5,0,-
DA:154,0
DA:159,0
FN:159,FluidLenderBase._sellFluidToWeth
FNDA:0,FluidLenderBase._sellFluidToWeth
DA:160,0
DA:167,0
FN:167,FluidLenderBase.receive
FNDA:0,FluidLenderBase.receive
DA:168,0
BRDA:168,6,0,-
DA:169,0
DA:173,0
FN:173,FluidLenderBase._sellWethToAsset
FNDA:0,FluidLenderBase._sellWethToAsset
DA:174,0
DA:176,0
BRDA:176,7,0,-
DA:177,0
BRDA:177,8,0,-
DA:178,0
DA:184,0
DA:187,0
DA:189,0
BRDA:189,10,0,-
DA:190,0
DA:200,0
FN:200,FluidLenderBase.kickAuction
FNDA:0,FluidLenderBase.kickAuction
DA:203,0
DA:206,0
FN:206,FluidLenderBase._kickAuction
FNDA:0,FluidLenderBase._kickAuction
DA:207,0
BRDA:207,11,0,-
BRDA:207,11,1,-
DA:211,0
DA:212,0
DA:213,0
DA:222,0
FN:222,FluidLenderBase.getSwapRouterInput
FNDA:0,FluidLenderBase.getSwapRouterInput
DA:226,0
DA:248,0
FN:248,FluidLenderBase.setMinAmountToSell
FNDA:0,FluidLenderBase.setMinAmountToSell
DA:251,0
DA:259,0
FN:259,FluidLenderBase.setAuction
FNDA:0,FluidLenderBase.setAuction
DA:260,0
BRDA:260,12,0,-
DA:261,0
BRDA:261,13,0,-
BRDA:261,13,1,-
DA:266,0
BRDA:266,14,0,-
BRDA:266,14,1,-
DA:271,0
DA:279,0
FN:279,FluidLenderBase.setUseAuction
FNDA:0,FluidLenderBase.setUseAuction
DA:280,0
BRDA:280,15,0,-
BRDA:280,16,0,-
BRDA:280,16,1,-
DA:281,0
DA:287,0
FN:287,FluidLenderBase.setWethToUsdcSwapTickSpacing
FNDA:0,FluidLenderBase.setWethToUsdcSwapTickSpacing
DA:290,0
DA:296,0
FN:296,FluidLenderBase.setUsdcToAssetSwapTickSpacing
FNDA:0,FluidLenderBase.setUsdcToAssetSwapTickSpacing
DA:299,0
DA:307,0
FN:307,FluidLenderBase.setOpenDeposits
FNDA:0,FluidLenderBase.setOpenDeposits
DA:308,0
DA:317,0
FN:317,FluidLenderBase.setAllowed
FNDA:0,FluidLenderBase.setAllowed
DA:321,0
FNF:19
FNH:0
LF:69
LH:0
BRF:21
BRH:0
end_of_record
TN:
SF:src/FluidLenderFactoryArbitrum.sol
DA:18,0
FN:18,FluidLenderFactoryArbitrum.constructor
FNDA:0,FluidLenderFactoryArbitrum.constructor
DA:24,0
BRDA:24,0,0,-
BRDA:24,0,1,-
DA:30,0
DA:31,0
DA:33,0
DA:34,0
DA:37,0
FN:37,FluidLenderFactoryArbitrum.onlyManagement
FNDA:0,FluidLenderFactoryArbitrum.onlyManagement
DA:38,0
BRDA:38,1,0,-
BRDA:38,1,1,-
DA:49,0
FN:49,FluidLenderFactoryArbitrum.newFluidLender
FNDA:0,FluidLenderFactoryArbitrum.newFluidLender
DA:56,0
BRDA:56,2,0,-
BRDA:56,2,1,-
DA:60,0
DA:63,0
DA:65,0
DA:67,0
DA:69,0
DA:71,0
DA:73,0
DA:75,0
DA:83,0
FN:83,FluidLenderFactoryArbitrum.isDeployedStrategy
FNDA:0,FluidLenderFactoryArbitrum.isDeployedStrategy
DA:86,0
BRDA:86,3,0,-
DA:87,0
DA:88,0
BRDA:88,3,1,-
DA:90,0
DA:101,0
FN:101,FluidLenderFactoryArbitrum.setAddresses
FNDA:0,FluidLenderFactoryArbitrum.setAddresses
DA:107,0
BRDA:107,4,0,-
BRDA:107,4,1,-
DA:113,0
DA:114,0
DA:116,0
DA:117,0
FNF:5
FNH:0
LF:29
LH:0
BRF:10
BRH:0
end_of_record
TN:
SF:src/FluidLenderFactoryBase.sol
DA:18,0
FN:18,FluidLenderFactoryBase.constructor
FNDA:0,FluidLenderFactoryBase.constructor
DA:24,0
BRDA:24,0,0,-
BRDA:24,0,1,-
DA:30,0
DA:31,0
DA:33,0
DA:34,0
DA:37,0
FN:37,FluidLenderFactoryBase.onlyManagement
FNDA:0,FluidLenderFactoryBase.onlyManagement
DA:38,0
BRDA:38,1,0,-
BRDA:38,1,1,-
DA:49,0
FN:49,FluidLenderFactoryBase.newFluidLender
FNDA:0,FluidLenderFactoryBase.newFluidLender
DA:56,0
BRDA:56,2,0,-
BRDA:56,2,1,-
DA:60,0
DA:63,0
DA:65,0
DA:67,0
DA:69,0
DA:71,0
DA:73,0
DA:75,0
DA:83,0
FN:83,FluidLenderFactoryBase.isDeployedStrategy
FNDA:0,FluidLenderFactoryBase.isDeployedStrategy
DA:86,0
BRDA:86,3,0,-
DA:87,0
DA:88,0
BRDA:88,3,1,-
DA:90,0
DA:101,0
FN:101,FluidLenderFactoryBase.setAddresses
FNDA:0,FluidLenderFactoryBase.setAddresses
DA:107,0
BRDA:107,4,0,-
BRDA:107,4,1,-
DA:113,0
DA:114,0
DA:116,0
DA:117,0
FNF:5
FNH:0
LF:29
LH:0
BRF:10
BRH:0
end_of_record
TN:
SF:src/FluidLenderFactoryMainnet.sol
DA:18,60
FN:18,FluidLenderFactoryMainnet.constructor
FNDA:60,FluidLenderFactoryMainnet.constructor
DA:24,60
BRDA:24,0,0,45
BRDA:24,0,1,15
DA:30,15
DA:31,15
DA:33,15
DA:34,15
DA:37,5
FN:37,FluidLenderFactoryMainnet.onlyManagement
FNDA:5,FluidLenderFactoryMainnet.onlyManagement
DA:38,5
BRDA:38,1,0,1
BRDA:38,1,1,31
DA:50,32
FN:50,FluidLenderFactoryMainnet.newFluidLender
FNDA:32,FluidLenderFactoryMainnet.newFluidLender
DA:58,31
BRDA:58,2,0,1
BRDA:58,2,1,30
DA:62,30
DA:67,15
DA:69,15
DA:71,15
DA:73,15
DA:75,15
DA:77,15
DA:79,15
DA:87,2
FN:87,FluidLenderFactoryMainnet.isDeployedStrategy
FNDA:2,FluidLenderFactoryMainnet.isDeployedStrategy
DA:90,2
BRDA:90,3,0,2
DA:91,1
DA:92,1
BRDA:92,3,1,1
DA:94,1
DA:105,5
FN:105,FluidLenderFactoryMainnet.setAddresses
FNDA:5,FluidLenderFactoryMainnet.setAddresses
DA:111,4
BRDA:111,4,0,3
BRDA:111,4,1,1
DA:117,1
DA:118,1
DA:120,1
DA:121,1
FNF:5
FNH:5
LF:29
LH:29
BRF:10
BRH:10
end_of_record
TN:
SF:src/FluidLenderFactoryPolygon.sol
DA:18,0
FN:18,FluidLenderFactoryPolygon.constructor
FNDA:0,FluidLenderFactoryPolygon.constructor
DA:24,0
BRDA:24,0,0,-
BRDA:24,0,1,-
DA:30,0
DA:31,0
DA:33,0
DA:34,0
DA:37,0
FN:37,FluidLenderFactoryPolygon.onlyManagement
FNDA:0,FluidLenderFactoryPolygon.onlyManagement
DA:38,0
BRDA:38,1,0,-
BRDA:38,1,1,-
DA:49,0
FN:49,FluidLenderFactoryPolygon.newFluidLender
FNDA:0,FluidLenderFactoryPolygon.newFluidLender
DA:56,0
BRDA:56,2,0,-
BRDA:56,2,1,-
DA:60,0
DA:63,0
DA:65,0
DA:67,0
DA:69,0
DA:71,0
DA:73,0
DA:75,0
DA:83,0
FN:83,FluidLenderFactoryPolygon.isDeployedStrategy
FNDA:0,FluidLenderFactoryPolygon.isDeployedStrategy
DA:86,0
BRDA:86,3,0,-
DA:87,0
DA:88,0
BRDA:88,3,1,-
DA:90,0
DA:101,0
FN:101,FluidLenderFactoryPolygon.setAddresses
FNDA:0,FluidLenderFactoryPolygon.setAddresses
DA:107,0
BRDA:107,4,0,-
BRDA:107,4,1,-
DA:113,0
DA:114,0
DA:116,0
DA:117,0
FNF:5
FNH:0
LF:29
LH:0
BRF:10
BRH:0
end_of_record
TN:
SF:src/FluidLenderMainnet.sol
DA:38,30
FN:38,FluidLenderMainnet.constructor
FNDA:30,FluidLenderMainnet.constructor
DA:44,30
DA:48,30
DA:49,30
BRDA:49,0,0,30
DA:50,30
BRDA:50,1,0,15
BRDA:50,1,1,15
DA:51,15
DA:53,15
DA:58,3
FN:58,FluidLenderMainnet.balanceOfRewards
FNDA:3,FluidLenderMainnet.balanceOfRewards
DA:59,1031
DA:62,1824
FN:62,FluidLenderMainnet.availableDepositLimit
FNDA:1824,FluidLenderMainnet.availableDepositLimit
DA:65,1824
BRDA:65,2,0,1809
BRDA:65,2,1,1809
DA:67,1809
DA:69,15
DA:76,1
FN:76,FluidLenderMainnet.manualRewardSell
FNDA:1,FluidLenderMainnet.manualRewardSell
DA:77,1
DA:91,0
FN:91,FluidLenderMainnet.claimRewards
FNDA:0,FluidLenderMainnet.claimRewards
DA:100,0
DA:111,1028
FN:111,FluidLenderMainnet._claimAndSellRewards
FNDA:1028,FluidLenderMainnet._claimAndSellRewards
DA:113,1028
DA:114,1028
BRDA:114,3,0,2
DA:115,2
DA:117,1028
DA:118,1028
BRDA:118,4,0,1028
DA:120,1028
BRDA:120,5,0,473
DA:121,473
DA:130,3
FN:130,FluidLenderMainnet.kickAuction
FNDA:3,FluidLenderMainnet.kickAuction
DA:133,3
DA:136,3
FN:136,FluidLenderMainnet._kickAuction
FNDA:3,FluidLenderMainnet._kickAuction
DA:137,3
BRDA:137,6,0,2
BRDA:137,6,1,1
DA:141,1
DA:142,1
DA:143,1
DA:153,3
FN:153,FluidLenderMainnet.setAuction
FNDA:3,FluidLenderMainnet.setAuction
DA:154,3
BRDA:154,7,0,3
DA:155,3
BRDA:155,8,0,1
BRDA:155,8,1,2
DA:160,2
BRDA:160,9,0,1
BRDA:160,9,1,1
DA:165,1
DA:174,1
FN:174,FluidLenderMainnet.setUniV3Fees
FNDA:1,FluidLenderMainnet.setUniV3Fees
DA:178,1
DA:179,1
DA:187,1
FN:187,FluidLenderMainnet.setMinAmountToSell
FNDA:1,FluidLenderMainnet.setMinAmountToSell
DA:190,1
DA:198,3
FN:198,FluidLenderMainnet.setUseAuction
FNDA:3,FluidLenderMainnet.setUseAuction
DA:199,2
BRDA:199,10,0,2
BRDA:199,11,0,1
BRDA:199,11,1,1
DA:200,2
DA:208,15
FN:208,FluidLenderMainnet.setOpenDeposits
FNDA:15,FluidLenderMainnet.setOpenDeposits
DA:209,15
DA:218,30
FN:218,FluidLenderMainnet.setAllowed
FNDA:30,FluidLenderMainnet.setAllowed
DA:222,30
FNF:14
FNH:13
LF:49
LH:47
BRF:18
BRH:18
end_of_record
TN:
SF:src/FluidLenderPolygon.sol
DA:37,0
FN:37,FluidLenderPolygon.constructor
FNDA:0,FluidLenderPolygon.constructor
DA:42,0
DA:45,0
DA:49,0
DA:50,0
DA:55,0
FN:55,FluidLenderPolygon.balanceOfRewards
FNDA:0,FluidLenderPolygon.balanceOfRewards
DA:56,0
DA:59,0
FN:59,FluidLenderPolygon.availableDepositLimit
FNDA:0,FluidLenderPolygon.availableDepositLimit
DA:62,0
BRDA:62,0,0,-
BRDA:62,0,1,-
DA:64,0
DA:66,0
DA:73,0
FN:73,FluidLenderPolygon.manualRewardSell
FNDA:0,FluidLenderPolygon.manualRewardSell
DA:74,0
DA:88,0
FN:88,FluidLenderPolygon.claimRewards
FNDA:0,FluidLenderPolygon.claimRewards
DA:97,0
DA:108,0
FN:108,FluidLenderPolygon._claimAndSellRewards
FNDA:0,FluidLenderPolygon._claimAndSellRewards
DA:110,0
DA:111,0
BRDA:111,1,0,-
DA:112,0
DA:114,0
DA:115,0
BRDA:115,2,0,-
DA:117,0
BRDA:117,3,0,-
DA:118,0
DA:127,0
FN:127,FluidLenderPolygon.kickAuction
FNDA:0,FluidLenderPolygon.kickAuction
DA:130,0
DA:133,0
FN:133,FluidLenderPolygon._kickAuction
FNDA:0,FluidLenderPolygon._kickAuction
DA:134,0
BRDA:134,4,0,-
BRDA:134,4,1,-
DA:138,0
DA:139,0
DA:140,0
DA:150,0
FN:150,FluidLenderPolygon.setAuction
FNDA:0,FluidLenderPolygon.setAuction
DA:151,0
BRDA:151,5,0,-
DA:152,0
BRDA:152,6,0,-
BRDA:152,6,1,-
DA:157,0
BRDA:157,7,0,-
BRDA:157,7,1,-
DA:162,0
DA:170,0
FN:170,FluidLenderPolygon.setUniV3Fees
FNDA:0,FluidLenderPolygon.setUniV3Fees
DA:171,0
DA:179,0
FN:179,FluidLenderPolygon.setMinAmountToSell
FNDA:0,FluidLenderPolygon.setMinAmountToSell
DA:182,0
DA:190,0
FN:190,FluidLenderPolygon.setUseAuction
FNDA:0,FluidLenderPolygon.setUseAuction
DA:191,0
BRDA:191,8,0,-
BRDA:191,9,0,-
BRDA:191,9,1,-
DA:192,0
DA:200,0
FN:200,FluidLenderPolygon.setOpenDeposits
FNDA:0,FluidLenderPolygon.setOpenDeposits
DA:201,0
DA:210,0
FN:210,FluidLenderPolygon.setAllowed
FNDA:0,FluidLenderPolygon.setAllowed
DA:214,0
FNF:14
FNH:0
LF:46
LH:0
BRF:15
BRH:0
end_of_record
TN:
SF:src/periphery/FluidAprOracleArbitrum.sol
DA:46,0
FN:46,FluidAprOracleArbitrum.constructor
FNDA:0,FluidAprOracleArbitrum.constructor
DA:47,0
BRDA:47,0,0,-
BRDA:47,0,1,-
DA:48,0
DA:51,0
FN:51,FluidAprOracleArbitrum.onlyOperator
FNDA:0,FluidAprOracleArbitrum.onlyOperator
DA:52,0
BRDA:52,1,0,-
BRDA:52,1,1,-
DA:75,0
FN:75,FluidAprOracleArbitrum.aprAfterDebtChange
FNDA:0,FluidAprOracleArbitrum.aprAfterDebtChange
DA:79,0
DA:80,0
DA:85,0
DA:88,0
FN:88,FluidAprOracleArbitrum.getSupplyRate
FNDA:0,FluidAprOracleArbitrum.getSupplyRate
DA:92,0
DA:94,0
DA:96,0
DA:98,0
DA:100,0
BRDA:100,2,0,-
BRDA:100,2,1,-
DA:101,0
DA:105,0
DA:111,0
DA:112,0
DA:113,0
BRDA:113,3,0,-
BRDA:113,3,1,-
DA:114,0
DA:116,0
DA:119,0
BRDA:119,4,0,-
DA:120,0
DA:124,0
DA:127,0
FN:127,FluidAprOracleArbitrum.getRewardRates
FNDA:0,FluidAprOracleArbitrum.getRewardRates
DA:131,0
DA:133,0
DA:135,0
DA:138,0
DA:139,0
BRDA:139,5,0,-
BRDA:139,5,1,-
DA:140,0
DA:142,0
DA:145,0
BRDA:145,6,0,-
DA:146,0
DA:150,0
BRDA:150,7,0,-
DA:151,0
DA:158,0
BRDA:158,8,0,-
DA:159,0
BRDA:159,9,0,-
BRDA:159,9,1,-
DA:160,0
DA:163,0
DA:164,0
DA:166,0
DA:176,0
FN:176,FluidAprOracleArbitrum.getFluidPriceUsdc
FNDA:0,FluidAprOracleArbitrum.getFluidPriceUsdc
DA:178,0
DA:181,0
DA:182,0
DA:183,0
DA:184,0
DA:187,0
DA:192,0
FN:192,FluidAprOracleArbitrum.setRewardsRate
FNDA:0,FluidAprOracleArbitrum.setRewardsRate
DA:196,0
BRDA:196,10,0,-
DA:197,0
BRDA:197,11,0,-
BRDA:197,11,1,-
DA:199,0
DA:202,0
FN:202,FluidAprOracleArbitrum.setManualRewardsApr
FNDA:0,FluidAprOracleArbitrum.setManualRewardsApr
DA:206,0
BRDA:206,12,0,-
DA:207,0
BRDA:207,13,0,-
BRDA:207,13,1,-
DA:209,0
DA:212,0
FN:212,FluidAprOracleArbitrum.setOperator
FNDA:0,FluidAprOracleArbitrum.setOperator
DA:213,0
DA:216,0
FN:216,FluidAprOracleArbitrum.setUseManualRewardsApr
FNDA:0,FluidAprOracleArbitrum.setUseManualRewardsApr
DA:219,0
FNF:10
FNH:0
LF:62
LH:0
BRF:22
BRH:0
end_of_record
TN:
SF:src/periphery/FluidAprOracleBase.sol
DA:46,0
FN:46,FluidAprOracleBase.constructor
FNDA:0,FluidAprOracleBase.constructor
DA:47,0
BRDA:47,0,0,-
BRDA:47,0,1,-
DA:48,0
DA:51,0
FN:51,FluidAprOracleBase.onlyOperator
FNDA:0,FluidAprOracleBase.onlyOperator
DA:52,0
BRDA:52,1,0,-
BRDA:52,1,1,-
DA:75,0
FN:75,FluidAprOracleBase.aprAfterDebtChange
FNDA:0,FluidAprOracleBase.aprAfterDebtChange
DA:79,0
DA:80,0
DA:85,0
DA:88,0
FN:88,FluidAprOracleBase.getSupplyRate
FNDA:0,FluidAprOracleBase.getSupplyRate
DA:92,0
DA:94,0
DA:96,0
DA:98,0
DA:100,0
BRDA:100,2,0,-
BRDA:100,2,1,-
DA:101,0
DA:105,0
DA:111,0
DA:112,0
DA:113,0
BRDA:113,3,0,-
BRDA:113,3,1,-
DA:114,0
DA:116,0
DA:119,0
BRDA:119,4,0,-
DA:120,0
DA:124,0
DA:127,0
FN:127,FluidAprOracleBase.getRewardRates
FNDA:0,FluidAprOracleBase.getRewardRates
DA:131,0
DA:133,0
DA:135,0
DA:138,0
DA:139,0
BRDA:139,5,0,-
BRDA:139,5,1,-
DA:140,0
DA:142,0
DA:145,0
BRDA:145,6,0,-
DA:146,0
DA:150,0
BRDA:150,7,0,-
DA:151,0
DA:158,0
BRDA:158,8,0,-
DA:159,0
BRDA:159,9,0,-
BRDA:159,9,1,-
DA:160,0
DA:163,0
DA:164,0
DA:166,0
DA:172,0
BRDA:172,10,0,-
DA:174,0
DA:177,0
DA:183,0
FN:183,FluidAprOracleBase.getFluidPriceUsdc
FNDA:0,FluidAprOracleBase.getFluidPriceUsdc
DA:185,0
DA:188,0
DA:189,0
DA:190,0
DA:191,0
DA:194,0
DA:199,0
FN:199,FluidAprOracleBase.setRewardsRate
FNDA:0,FluidAprOracleBase.setRewardsRate
DA:203,0
BRDA:203,11,0,-
DA:204,0
BRDA:204,12,0,-
BRDA:204,12,1,-
DA:206,0
DA:209,0
FN:209,FluidAprOracleBase.setManualRewardsApr
FNDA:0,FluidAprOracleBase.setManualRewardsApr
DA:213,0
BRDA:213,13,0,-
DA:214,0
BRDA:214,14,0,-
BRDA:214,14,1,-
DA:216,0
DA:219,0
FN:219,FluidAprOracleBase.setOperator
FNDA:0,FluidAprOracleBase.setOperator
DA:220,0
DA:223,0
FN:223,FluidAprOracleBase.setUseManualRewardsApr
FNDA:0,FluidAprOracleBase.setUseManualRewardsApr
DA:226,0
FNF:10
FNH:0
LF:65
LH:0
BRF:23
BRH:0
end_of_record
TN:
SF:src/periphery/FluidAprOracleMainnet.sol
DA:44,4
FN:44,FluidAprOracleMainnet.constructor
FNDA:4,FluidAprOracleMainnet.constructor
DA:45,4
BRDA:45,0,0,2
BRDA:45,0,1,2
DA:46,2
DA:49,4
FN:49,FluidAprOracleMainnet.onlyOperator
FNDA:4,FluidAprOracleMainnet.onlyOperator
DA:50,4
BRDA:50,1,0,1
BRDA:50,1,1,1
DA:73,769
FN:73,FluidAprOracleMainnet.aprAfterDebtChange
FNDA:769,FluidAprOracleMainnet.aprAfterDebtChange
DA:77,769
DA:78,769
DA:83,769
DA:86,1
FN:86,FluidAprOracleMainnet.getFluidPriceUsdc
FNDA:1,FluidAprOracleMainnet.getFluidPriceUsdc
DA:87,771
DA:102,771
DA:105,1
FN:105,FluidAprOracleMainnet.getSupplyRate
FNDA:1,FluidAprOracleMainnet.getSupplyRate
DA:109,770
DA:111,770
DA:113,770
DA:115,770
DA:117,770
BRDA:117,2,0,-
BRDA:117,2,1,770
DA:118,0
DA:122,770
DA:128,770
DA:129,770
DA:130,770
BRDA:130,3,0,256
BRDA:130,3,1,514
DA:131,256
DA:133,514
DA:136,770
BRDA:136,4,0,-
DA:137,0
DA:141,770
DA:144,1
FN:144,FluidAprOracleMainnet.getRewardRates
FNDA:1,FluidAprOracleMainnet.getRewardRates
DA:148,770
DA:150,770
DA:152,770
DA:155,770
DA:156,770
BRDA:156,5,0,256
BRDA:156,5,1,514
DA:157,256
DA:159,514
DA:162,770
BRDA:162,6,0,-
DA:163,0
DA:167,770
BRDA:167,7,0,-
DA:168,0
DA:175,770
BRDA:175,8,0,770
DA:176,0
BRDA:176,9,0,-
BRDA:176,9,1,770
DA:177,0
DA:180,770
DA:181,770
DA:183,770
DA:195,4
FN:195,FluidAprOracleMainnet.setRewardsRate
FNDA:4,FluidAprOracleMainnet.setRewardsRate
DA:199,4
BRDA:199,10,0,3
DA:200,3
BRDA:200,11,0,1
BRDA:200,11,1,2
DA:202,3
DA:205,3
FN:205,FluidAprOracleMainnet.setManualRewardsApr
FNDA:3,FluidAprOracleMainnet.setManualRewardsApr
DA:209,3
BRDA:209,12,0,2
DA:210,2
BRDA:210,13,0,1
BRDA:210,13,1,1
DA:212,2
DA:215,2
FN:215,FluidAprOracleMainnet.setOperator
FNDA:2,FluidAprOracleMainnet.setOperator
DA:216,1
DA:219,1
FN:219,FluidAprOracleMainnet.setUseManualRewardsApr
FNDA:1,FluidAprOracleMainnet.setUseManualRewardsApr
DA:222,1
FNF:10
FNH:10
LF:58
LH:52
BRF:22
BRH:17
end_of_record
TN:
SF:src/periphery/FluidAprOraclePolygon.sol
DA:38,0
FN:38,FluidAprOraclePolygon.constructor
FNDA:0,FluidAprOraclePolygon.constructor
DA:39,0
BRDA:39,0,0,-
BRDA:39,0,1,-
DA:40,0
DA:43,0
FN:43,FluidAprOraclePolygon.onlyOperator
FNDA:0,FluidAprOraclePolygon.onlyOperator
DA:44,0
BRDA:44,1,0,-
BRDA:44,1,1,-
DA:67,0
FN:67,FluidAprOraclePolygon.aprAfterDebtChange
FNDA:0,FluidAprOraclePolygon.aprAfterDebtChange
DA:71,0
DA:72,0
DA:77,0
DA:80,0
FN:80,FluidAprOraclePolygon.getPolPriceUsdc
FNDA:0,FluidAprOraclePolygon.getPolPriceUsdc
DA:81,0
DA:96,0
FN:96,FluidAprOraclePolygon.getSupplyRate
FNDA:0,FluidAprOraclePolygon.getSupplyRate
DA:100,0
DA:102,0
DA:104,0
DA:106,0
DA:110,0
DA:111,0
DA:112,0
BRDA:112,2,0,-
BRDA:112,2,1,-
DA:113,0
DA:115,0
DA:118,0
BRDA:118,3,0,-
DA:119,0
DA:123,0
DA:126,0
FN:126,FluidAprOraclePolygon.getRewardRates
FNDA:0,FluidAprOraclePolygon.getRewardRates
DA:130,0
DA:132,0
DA:134,0
DA:137,0
DA:138,0
BRDA:138,4,0,-
BRDA:138,4,1,-
DA:139,0
DA:141,0
DA:144,0
BRDA:144,5,0,-
DA:145,0
DA:149,0
BRDA:149,6,0,-
DA:150,0
DA:157,0
BRDA:157,7,0,-
DA:158,0
BRDA:158,8,0,-
BRDA:158,8,1,-
DA:159,0
DA:162,0
DA:163,0
DA:165,0
DA:177,0
FN:177,FluidAprOraclePolygon.setRewardsRate
FNDA:0,FluidAprOraclePolygon.setRewardsRate
DA:181,0
BRDA:181,9,0,-
DA:182,0
BRDA:182,10,0,-
BRDA:182,10,1,-
DA:184,0
DA:187,0
FN:187,FluidAprOraclePolygon.setManualRewardsApr
FNDA:0,FluidAprOraclePolygon.setManualRewardsApr
DA:191,0
BRDA:191,11,0,-
DA:192,0
BRDA:192,12,0,-
BRDA:192,12,1,-
DA:194,0
DA:197,0
FN:197,FluidAprOraclePolygon.setOperator
FNDA:0,FluidAprOraclePolygon.setOperator
DA:198,0
DA:201,0
FN:201,FluidAprOraclePolygon.setUseManualRewardsApr
FNDA:0,FluidAprOraclePolygon.setUseManualRewardsApr
DA:204,0
FNF:10
FNH:0
LF:54
LH:0
BRF:20
BRH:0
end_of_record
