TN:
SF:src/FluidLenderArbitrum.sol
DA:51,0
FN:51,FluidLenderArbitrum.constructor
FNDA:0,FluidLenderArbitrum.constructor
DA:57,0
DA:59,0
DA:60,0
DA:63,0
DA:66,0
DA:71,0
FN:71,FluidLenderArbitrum.balanceOfRewards
FNDA:0,FluidLenderArbitrum.balanceOfRewards
DA:72,0
DA:75,0
FN:75,FluidLenderArbitrum.availableDepositLimit
FNDA:0,FluidLenderArbitrum.availableDepositLimit
DA:78,0
BRDA:78,0,0,-
BRDA:78,0,1,-
DA:80,0
DA:82,0
DA:89,0
FN:89,FluidLenderArbitrum.manualRewardSell
FNDA:0,FluidLenderArbitrum.manualRewardSell
DA:90,0
DA:104,0
FN:104,FluidLenderArbitrum.claimRewards
FNDA:0,FluidLenderArbitrum.claimRewards
DA:113,0
DA:124,0
FN:124,FluidLenderArbitrum._claimAndSellRewards
FNDA:0,FluidLenderArbitrum._claimAndSellRewards
DA:126,0
DA:127,0
BRDA:127,1,0,-
DA:128,0
DA:129,0
BRDA:129,2,0,-
DA:130,0
DA:133,0
DA:134,0
BRDA:134,3,0,-
DA:136,0
BRDA:136,4,0,-
DA:137,0
DA:142,0
FN:142,FluidLenderArbitrum._sellFluidToWeth
FNDA:0,FluidLenderArbitrum._sellFluidToWeth
DA:143,0
DA:146,0
FN:146,FluidLenderArbitrum._sellWethToAsset
FNDA:0,FluidLenderArbitrum._sellWethToAsset
DA:147,0
DA:159,0
FN:159,FluidLenderArbitrum.receive
FNDA:0,FluidLenderArbitrum.receive
DA:160,0
BRDA:160,5,0,-
DA:161,0
DA:169,0
FN:169,FluidLenderArbitrum.kickAuction
FNDA:0,FluidLenderArbitrum.kickAuction
DA:172,0
DA:175,0
FN:175,FluidLenderArbitrum._kickAuction
FNDA:0,FluidLenderArbitrum._kickAuction
DA:176,0
BRDA:176,6,0,-
BRDA:176,6,1,-
DA:180,0
DA:181,0
DA:182,0
DA:192,0
FN:192,FluidLenderArbitrum.setMinFluidToSell
FNDA:0,FluidLenderArbitrum.setMinFluidToSell
DA:195,0
DA:203,0
FN:203,FluidLenderArbitrum.setUniV3Fees
FNDA:0,FluidLenderArbitrum.setUniV3Fees
DA:204,0
DA:212,0
FN:212,FluidLenderArbitrum.setAuction
FNDA:0,FluidLenderArbitrum.setAuction
DA:213,0
BRDA:213,7,0,-
DA:214,0
BRDA:214,8,0,-
BRDA:214,8,1,-
DA:219,0
BRDA:219,9,0,-
BRDA:219,9,1,-
DA:224,0
DA:232,0
FN:232,FluidLenderArbitrum.setUseAuction
FNDA:0,FluidLenderArbitrum.setUseAuction
DA:233,0
BRDA:233,10,0,-
BRDA:233,11,0,-
BRDA:233,11,1,-
DA:234,0
DA:242,0
FN:242,FluidLenderArbitrum.setMerkleClaim
FNDA:0,FluidLenderArbitrum.setMerkleClaim
DA:243,0
BRDA:243,12,0,-
BRDA:243,12,1,-
DA:244,0
DA:252,0
FN:252,FluidLenderArbitrum.setOpenDeposits
FNDA:0,FluidLenderArbitrum.setOpenDeposits
DA:253,0
DA:262,0
FN:262,FluidLenderArbitrum.setAllowed
FNDA:0,FluidLenderArbitrum.setAllowed
DA:266,0
FNF:18
FNH:0
LF:59
LH:0
BRF:19
BRH:0
end_of_record
TN:
SF:src/FluidLenderBase.sol
DA:69,0
FN:69,FluidLenderBase.constructor
FNDA:0,FluidLenderBase.constructor
DA:74,0
DA:77,0
BRDA:77,0,0,-
DA:78,0
DA:79,0
DA:83,0
BRDA:83,1,0,-
DA:84,0
DA:85,0
DA:88,0
DA:93,0
FN:93,FluidLenderBase.balanceOfRewards
FNDA:0,FluidLenderBase.balanceOfRewards
DA:94,0
DA:97,0
FN:97,FluidLenderBase.availableDepositLimit
FNDA:0,FluidLenderBase.availableDepositLimit
DA:100,0
BRDA:100,2,0,-
BRDA:100,2,1,-
DA:102,0
DA:104,0
DA:111,0
FN:111,FluidLenderBase.manualRewardSell
FNDA:0,FluidLenderBase.manualRewardSell
DA:112,0
DA:126,0
FN:126,FluidLenderBase.claimRewards
FNDA:0,FluidLenderBase.claimRewards
DA:135,0
DA:146,0
FN:146,FluidLenderBase._claimAndSellRewards
FNDA:0,FluidLenderBase._claimAndSellRewards
DA:148,0
DA:149,0
BRDA:149,3,0,-
DA:150,0
DA:151,0
BRDA:151,4,0,-
DA:152,0
DA:155,0
DA:156,0
BRDA:156,5,0,-
DA:158,0
BRDA:158,6,0,-
DA:159,0
DA:164,0
FN:164,FluidLenderBase._sellFluidToWeth
FNDA:0,FluidLenderBase._sellFluidToWeth
DA:165,0
DA:168,0
FN:168,FluidLenderBase._sellWethToAsset
FNDA:0,FluidLenderBase._sellWethToAsset
DA:169,0
DA:171,0
BRDA:171,7,0,-
DA:172,0
DA:177,0
DA:180,0
DA:182,0
BRDA:182,9,0,-
DA:183,0
DA:193,0
FN:193,FluidLenderBase.receive
FNDA:0,FluidLenderBase.receive
DA:194,0
BRDA:194,10,0,-
DA:195,0
DA:203,0
FN:203,FluidLenderBase.kickAuction
FNDA:0,FluidLenderBase.kickAuction
DA:206,0
DA:209,0
FN:209,FluidLenderBase._kickAuction
FNDA:0,FluidLenderBase._kickAuction
DA:210,0
BRDA:210,11,0,-
BRDA:210,11,1,-
DA:214,0
DA:215,0
DA:216,0
DA:225,0
FN:225,FluidLenderBase.getSwapRouterInput
FNDA:0,FluidLenderBase.getSwapRouterInput
DA:229,0
DA:253,0
FN:253,FluidLenderBase.setMinAmountToSell
FNDA:0,FluidLenderBase.setMinAmountToSell
DA:256,0
DA:264,0
FN:264,FluidLenderBase.setAuction
FNDA:0,FluidLenderBase.setAuction
DA:265,0
BRDA:265,12,0,-
DA:266,0
BRDA:266,13,0,-
BRDA:266,13,1,-
DA:271,0
BRDA:271,14,0,-
BRDA:271,14,1,-
DA:276,0
DA:284,0
FN:284,FluidLenderBase.setUseAuction
FNDA:0,FluidLenderBase.setUseAuction
DA:285,0
BRDA:285,15,0,-
BRDA:285,16,0,-
BRDA:285,16,1,-
DA:286,0
DA:292,0
FN:292,FluidLenderBase.setWethToUsdcSwapTickSpacing
FNDA:0,FluidLenderBase.setWethToUsdcSwapTickSpacing
DA:295,0
DA:301,0
FN:301,FluidLenderBase.setUsdcToAssetSwapTickSpacing
FNDA:0,FluidLenderBase.setUsdcToAssetSwapTickSpacing
DA:304,0
DA:312,0
FN:312,FluidLenderBase.setMerkleClaim
FNDA:0,FluidLenderBase.setMerkleClaim
DA:313,0
BRDA:313,17,0,-
BRDA:313,17,1,-
DA:314,0
DA:322,0
FN:322,FluidLenderBase.setOpenDeposits
FNDA:0,FluidLenderBase.setOpenDeposits
DA:323,0
DA:332,0
FN:332,FluidLenderBase.setAllowed
FNDA:0,FluidLenderBase.setAllowed
DA:336,0
FNF:20
FNH:0
LF:72
LH:0
BRF:23
BRH:0
end_of_record
TN:
SF:src/FluidLenderFactoryArbitrum.sol
DA:31,0
FN:31,FluidLenderFactoryArbitrum.constructor
FNDA:0,FluidLenderFactoryArbitrum.constructor
DA:37,0
BRDA:37,0,0,-
BRDA:37,0,1,-
DA:43,0
DA:44,0
DA:45,0
DA:47,0
DA:50,0
FN:50,FluidLenderFactoryArbitrum.onlyManagement
FNDA:0,FluidLenderFactoryArbitrum.onlyManagement
DA:51,0
BRDA:51,1,0,-
BRDA:51,1,1,-
DA:62,0
FN:62,FluidLenderFactoryArbitrum.newFluidLender
FNDA:0,FluidLenderFactoryArbitrum.newFluidLender
DA:69,0
BRDA:69,2,0,-
BRDA:69,2,1,-
DA:73,0
DA:76,0
DA:78,0
DA:80,0
DA:82,0
DA:84,0
DA:86,0
DA:88,0
DA:96,0
FN:96,FluidLenderFactoryArbitrum.isDeployedStrategy
FNDA:0,FluidLenderFactoryArbitrum.isDeployedStrategy
DA:99,0
BRDA:99,3,0,-
DA:100,0
DA:101,0
BRDA:101,3,1,-
DA:103,0
DA:115,0
FN:115,FluidLenderFactoryArbitrum.setAddresses
FNDA:0,FluidLenderFactoryArbitrum.setAddresses
DA:121,0
BRDA:121,4,0,-
BRDA:121,4,1,-
DA:127,0
DA:128,0
DA:129,0
DA:131,0
DA:133,0
FNF:5
FNH:0
LF:30
LH:0
BRF:10
BRH:0
end_of_record
TN:
SF:src/FluidLenderFactoryBase.sol
DA:31,0
FN:31,FluidLenderFactoryBase.constructor
FNDA:0,FluidLenderFactoryBase.constructor
DA:37,0
BRDA:37,0,0,-
BRDA:37,0,1,-
DA:43,0
DA:44,0
DA:45,0
DA:47,0
DA:50,0
FN:50,FluidLenderFactoryBase.onlyManagement
FNDA:0,FluidLenderFactoryBase.onlyManagement
DA:51,0
BRDA:51,1,0,-
BRDA:51,1,1,-
DA:62,0
FN:62,FluidLenderFactoryBase.newFluidLender
FNDA:0,FluidLenderFactoryBase.newFluidLender
DA:69,0
BRDA:69,2,0,-
BRDA:69,2,1,-
DA:73,0
DA:76,0
DA:78,0
DA:80,0
DA:82,0
DA:84,0
DA:86,0
DA:88,0
DA:96,0
FN:96,FluidLenderFactoryBase.isDeployedStrategy
FNDA:0,FluidLenderFactoryBase.isDeployedStrategy
DA:99,0
BRDA:99,3,0,-
DA:100,0
DA:101,0
BRDA:101,3,1,-
DA:103,0
DA:115,0
FN:115,FluidLenderFactoryBase.setAddresses
FNDA:0,FluidLenderFactoryBase.setAddresses
DA:121,0
BRDA:121,4,0,-
BRDA:121,4,1,-
DA:127,0
DA:128,0
DA:129,0
DA:131,0
DA:133,0
FNF:5
FNH:0
LF:30
LH:0
BRF:10
BRH:0
end_of_record
TN:
SF:src/FluidLenderFactoryMainnet.sol
DA:31,60
FN:31,FluidLenderFactoryMainnet.constructor
FNDA:60,FluidLenderFactoryMainnet.constructor
DA:37,60
BRDA:37,0,0,45
BRDA:37,0,1,15
DA:43,15
DA:44,15
DA:45,15
DA:47,15
DA:50,17
FN:50,FluidLenderFactoryMainnet.onlyManagement
FNDA:17,FluidLenderFactoryMainnet.onlyManagement
DA:51,17
BRDA:51,1,0,1
BRDA:51,1,1,4
DA:62,17
FN:62,FluidLenderFactoryMainnet.newFluidLender
FNDA:17,FluidLenderFactoryMainnet.newFluidLender
DA:69,16
BRDA:69,2,0,1
BRDA:69,2,1,15
DA:73,15
DA:76,15
DA:78,15
DA:80,15
DA:82,15
DA:84,15
DA:86,15
DA:88,15
DA:96,2
FN:96,FluidLenderFactoryMainnet.isDeployedStrategy
FNDA:2,FluidLenderFactoryMainnet.isDeployedStrategy
DA:99,2
BRDA:99,3,0,2
DA:100,2
DA:101,0
BRDA:101,3,1,-
DA:103,0
DA:115,5
FN:115,FluidLenderFactoryMainnet.setAddresses
FNDA:5,FluidLenderFactoryMainnet.setAddresses
DA:121,4
BRDA:121,4,0,3
BRDA:121,4,1,1
DA:127,1
DA:128,1
DA:129,1
DA:131,1
DA:133,1
FNF:5
FNH:5
LF:30
LH:28
BRF:10
BRH:9
end_of_record
TN:
SF:src/FluidLenderFactoryPolygon.sol
DA:31,0
FN:31,FluidLenderFactoryPolygon.constructor
FNDA:0,FluidLenderFactoryPolygon.constructor
DA:37,0
BRDA:37,0,0,-
BRDA:37,0,1,-
DA:43,0
DA:44,0
DA:45,0
DA:47,0
DA:50,0
FN:50,FluidLenderFactoryPolygon.onlyManagement
FNDA:0,FluidLenderFactoryPolygon.onlyManagement
DA:51,0
BRDA:51,1,0,-
BRDA:51,1,1,-
DA:62,0
FN:62,FluidLenderFactoryPolygon.newFluidLender
FNDA:0,FluidLenderFactoryPolygon.newFluidLender
DA:69,0
BRDA:69,2,0,-
BRDA:69,2,1,-
DA:73,0
DA:76,0
DA:78,0
DA:80,0
DA:82,0
DA:84,0
DA:86,0
DA:88,0
DA:96,0
FN:96,FluidLenderFactoryPolygon.isDeployedStrategy
FNDA:0,FluidLenderFactoryPolygon.isDeployedStrategy
DA:99,0
BRDA:99,3,0,-
DA:100,0
DA:101,0
BRDA:101,3,1,-
DA:103,0
DA:115,0
FN:115,FluidLenderFactoryPolygon.setAddresses
FNDA:0,FluidLenderFactoryPolygon.setAddresses
DA:121,0
BRDA:121,4,0,-
BRDA:121,4,1,-
DA:127,0
DA:128,0
DA:129,0
DA:131,0
DA:133,0
FNF:5
FNH:0
LF:30
LH:0
BRF:10
BRH:0
end_of_record
TN:
SF:src/FluidLenderMainnet.sol
DA:40,15
FN:40,FluidLenderMainnet.constructor
FNDA:15,FluidLenderMainnet.constructor
DA:45,15
DA:49,15
DA:50,15
BRDA:50,0,0,15
DA:52,15
DA:54,15
DA:59,3
FN:59,FluidLenderMainnet.balanceOfRewards
FNDA:3,FluidLenderMainnet.balanceOfRewards
DA:60,1047
DA:63,1849
FN:63,FluidLenderMainnet.availableDepositLimit
FNDA:1849,FluidLenderMainnet.availableDepositLimit
DA:66,1849
BRDA:66,1,0,1834
BRDA:66,1,1,1834
DA:68,1834
DA:70,15
DA:77,1
FN:77,FluidLenderMainnet.manualRewardSell
FNDA:1,FluidLenderMainnet.manualRewardSell
DA:78,1
DA:92,0
FN:92,FluidLenderMainnet.claimRewards
FNDA:0,FluidLenderMainnet.claimRewards
DA:101,0
DA:112,1044
FN:112,FluidLenderMainnet._claimAndSellRewards
FNDA:1044,FluidLenderMainnet._claimAndSellRewards
DA:114,1044
DA:115,1044
BRDA:115,2,0,2
DA:116,2
DA:118,1044
DA:119,1044
BRDA:119,3,0,1044
DA:121,1044
BRDA:121,4,0,481
DA:122,481
DA:131,3
FN:131,FluidLenderMainnet.kickAuction
FNDA:3,FluidLenderMainnet.kickAuction
DA:134,3
DA:137,3
FN:137,FluidLenderMainnet._kickAuction
FNDA:3,FluidLenderMainnet._kickAuction
DA:138,3
BRDA:138,5,0,2
BRDA:138,5,1,1
DA:142,1
DA:143,1
DA:144,1
DA:154,3
FN:154,FluidLenderMainnet.setAuction
FNDA:3,FluidLenderMainnet.setAuction
DA:155,3
BRDA:155,6,0,3
DA:156,3
BRDA:156,7,0,1
BRDA:156,7,1,2
DA:161,2
BRDA:161,8,0,1
BRDA:161,8,1,1
DA:166,1
DA:175,1
FN:175,FluidLenderMainnet.setUniV3Fees
FNDA:1,FluidLenderMainnet.setUniV3Fees
DA:179,1
DA:180,1
DA:188,1
FN:188,FluidLenderMainnet.setMinAmountToSell
FNDA:1,FluidLenderMainnet.setMinAmountToSell
DA:191,1
DA:199,3
FN:199,FluidLenderMainnet.setUseAuction
FNDA:3,FluidLenderMainnet.setUseAuction
DA:200,2
BRDA:200,9,0,2
BRDA:200,10,0,1
BRDA:200,10,1,1
DA:201,2
DA:209,3
FN:209,FluidLenderMainnet.setMerkleClaim
FNDA:3,FluidLenderMainnet.setMerkleClaim
DA:210,2
BRDA:210,11,0,1
BRDA:210,11,1,1
DA:211,1
DA:219,15
FN:219,FluidLenderMainnet.setOpenDeposits
FNDA:15,FluidLenderMainnet.setOpenDeposits
DA:220,15
DA:229,30
FN:229,FluidLenderMainnet.setAllowed
FNDA:30,FluidLenderMainnet.setAllowed
DA:233,30
FNF:15
FNH:14
LF:51
LH:49
BRF:18
BRH:18
end_of_record
TN:
SF:src/FluidLenderPolygon.sol
DA:40,0
FN:40,FluidLenderPolygon.constructor
FNDA:0,FluidLenderPolygon.constructor
DA:45,0
DA:48,0
DA:52,0
DA:53,0
DA:58,0
FN:58,FluidLenderPolygon.balanceOfRewards
FNDA:0,FluidLenderPolygon.balanceOfRewards
DA:59,0
DA:62,0
FN:62,FluidLenderPolygon.availableDepositLimit
FNDA:0,FluidLenderPolygon.availableDepositLimit
DA:65,0
BRDA:65,0,0,-
BRDA:65,0,1,-
DA:67,0
DA:69,0
DA:76,0
FN:76,FluidLenderPolygon.manualRewardSell
FNDA:0,FluidLenderPolygon.manualRewardSell
DA:77,0
DA:91,0
FN:91,FluidLenderPolygon.claimRewards
FNDA:0,FluidLenderPolygon.claimRewards
DA:100,0
DA:111,0
FN:111,FluidLenderPolygon._claimAndSellRewards
FNDA:0,FluidLenderPolygon._claimAndSellRewards
DA:113,0
DA:115,0
DA:116,0
DA:117,0
DA:118,0
BRDA:118,1,0,-
DA:119,0
DA:121,0
DA:122,0
BRDA:122,2,0,-
DA:124,0
BRDA:124,3,0,-
DA:125,0
DA:134,0
FN:134,FluidLenderPolygon.kickAuction
FNDA:0,FluidLenderPolygon.kickAuction
DA:137,0
DA:140,0
FN:140,FluidLenderPolygon._kickAuction
FNDA:0,FluidLenderPolygon._kickAuction
DA:141,0
BRDA:141,4,0,-
BRDA:141,4,1,-
DA:145,0
DA:146,0
DA:147,0
DA:157,0
FN:157,FluidLenderPolygon.setAuction
FNDA:0,FluidLenderPolygon.setAuction
DA:158,0
BRDA:158,5,0,-
DA:159,0
BRDA:159,6,0,-
BRDA:159,6,1,-
DA:164,0
BRDA:164,7,0,-
BRDA:164,7,1,-
DA:169,0
DA:177,0
FN:177,FluidLenderPolygon.setUniV3Fees
FNDA:0,FluidLenderPolygon.setUniV3Fees
DA:178,0
DA:186,0
FN:186,FluidLenderPolygon.setMinAmountToSell
FNDA:0,FluidLenderPolygon.setMinAmountToSell
DA:189,0
DA:197,0
FN:197,FluidLenderPolygon.setUseAuction
FNDA:0,FluidLenderPolygon.setUseAuction
DA:198,0
BRDA:198,8,0,-
BRDA:198,9,0,-
BRDA:198,9,1,-
DA:199,0
DA:207,0
FN:207,FluidLenderPolygon.setMerkleClaim
FNDA:0,FluidLenderPolygon.setMerkleClaim
DA:208,0
BRDA:208,10,0,-
BRDA:208,10,1,-
DA:209,0
DA:217,0
FN:217,FluidLenderPolygon.setOpenDeposits
FNDA:0,FluidLenderPolygon.setOpenDeposits
DA:218,0
DA:227,0
FN:227,FluidLenderPolygon.setAllowed
FNDA:0,FluidLenderPolygon.setAllowed
DA:231,0
FNF:15
FNH:0
LF:52
LH:0
BRF:17
BRH:0
end_of_record
TN:
SF:src/periphery/FluidAprOracleArbitrum.sol
DA:51,0
FN:51,FluidAprOracleArbitrum.constructor
FNDA:0,FluidAprOracleArbitrum.constructor
DA:52,0
BRDA:52,0,0,-
BRDA:52,0,1,-
DA:53,0
DA:56,0
FN:56,FluidAprOracleArbitrum.onlyOperator
FNDA:0,FluidAprOracleArbitrum.onlyOperator
DA:57,0
BRDA:57,1,0,-
BRDA:57,1,1,-
DA:80,0
FN:80,FluidAprOracleArbitrum.aprAfterDebtChange
FNDA:0,FluidAprOracleArbitrum.aprAfterDebtChange
DA:84,0
DA:85,0
DA:90,0
DA:99,0
FN:99,FluidAprOracleArbitrum.getSupplyRate
FNDA:0,FluidAprOracleArbitrum.getSupplyRate
DA:103,0
DA:105,0
DA:107,0
DA:109,0
DA:111,0
BRDA:111,2,0,-
BRDA:111,2,1,-
DA:112,0
DA:116,0
DA:122,0
DA:123,0
DA:124,0
BRDA:124,3,0,-
BRDA:124,3,1,-
DA:125,0
DA:127,0
DA:130,0
BRDA:130,4,0,-
DA:131,0
DA:135,0
DA:145,0
FN:145,FluidAprOracleArbitrum.getRewardRates
FNDA:0,FluidAprOracleArbitrum.getRewardRates
DA:149,0
DA:151,0
DA:153,0
DA:156,0
DA:157,0
BRDA:157,5,0,-
BRDA:157,5,1,-
DA:158,0
DA:160,0
DA:163,0
BRDA:163,6,0,-
DA:164,0
DA:168,0
BRDA:168,7,0,-
DA:169,0
DA:176,0
BRDA:176,8,0,-
DA:177,0
BRDA:177,9,0,-
BRDA:177,9,1,-
DA:178,0
DA:181,0
DA:182,0
DA:184,0
DA:195,0
FN:195,FluidAprOracleArbitrum.getFluidPriceUsdc
FNDA:0,FluidAprOracleArbitrum.getFluidPriceUsdc
DA:197,0
DA:200,0
DA:201,0
DA:202,0
DA:203,0
DA:206,0
DA:217,0
FN:217,FluidAprOracleArbitrum.setRewardsRate
FNDA:0,FluidAprOracleArbitrum.setRewardsRate
DA:221,0
BRDA:221,10,0,-
DA:222,0
BRDA:222,11,0,-
BRDA:222,11,1,-
DA:224,0
DA:233,0
FN:233,FluidAprOracleArbitrum.setManualRewardsApr
FNDA:0,FluidAprOracleArbitrum.setManualRewardsApr
DA:237,0
BRDA:237,12,0,-
DA:238,0
BRDA:238,13,0,-
BRDA:238,13,1,-
DA:240,0
DA:248,0
FN:248,FluidAprOracleArbitrum.setOperator
FNDA:0,FluidAprOracleArbitrum.setOperator
DA:249,0
BRDA:249,14,0,-
BRDA:249,14,1,-
DA:250,0
DA:251,0
DA:259,0
FN:259,FluidAprOracleArbitrum.setUseManualRewardsApr
FNDA:0,FluidAprOracleArbitrum.setUseManualRewardsApr
DA:262,0
FNF:10
FNH:0
LF:64
LH:0
BRF:24
BRH:0
end_of_record
TN:
SF:src/periphery/FluidAprOracleBase.sol
DA:49,0
FN:49,FluidAprOracleBase.constructor
FNDA:0,FluidAprOracleBase.constructor
DA:50,0
BRDA:50,0,0,-
BRDA:50,0,1,-
DA:51,0
DA:54,0
FN:54,FluidAprOracleBase.onlyOperator
FNDA:0,FluidAprOracleBase.onlyOperator
DA:55,0
BRDA:55,1,0,-
BRDA:55,1,1,-
DA:78,0
FN:78,FluidAprOracleBase.aprAfterDebtChange
FNDA:0,FluidAprOracleBase.aprAfterDebtChange
DA:82,0
DA:83,0
DA:88,0
DA:97,0
FN:97,FluidAprOracleBase.getSupplyRate
FNDA:0,FluidAprOracleBase.getSupplyRate
DA:101,0
DA:103,0
DA:105,0
DA:107,0
DA:109,0
BRDA:109,2,0,-
BRDA:109,2,1,-
DA:110,0
DA:114,0
DA:120,0
DA:121,0
DA:122,0
BRDA:122,3,0,-
BRDA:122,3,1,-
DA:123,0
DA:125,0
DA:128,0
BRDA:128,4,0,-
DA:129,0
DA:133,0
DA:143,0
FN:143,FluidAprOracleBase.getRewardRates
FNDA:0,FluidAprOracleBase.getRewardRates
DA:147,0
DA:149,0
DA:151,0
DA:154,0
DA:155,0
BRDA:155,5,0,-
BRDA:155,5,1,-
DA:156,0
DA:158,0
DA:161,0
BRDA:161,6,0,-
DA:162,0
DA:166,0
BRDA:166,7,0,-
DA:167,0
DA:174,0
BRDA:174,8,0,-
DA:175,0
BRDA:175,9,0,-
BRDA:175,9,1,-
DA:176,0
DA:179,0
DA:180,0
DA:182,0
DA:188,0
BRDA:188,10,0,-
DA:190,0
DA:194,0
DA:201,0
FN:201,FluidAprOracleBase.getFluidPriceUsdc
FNDA:0,FluidAprOracleBase.getFluidPriceUsdc
DA:203,0
DA:206,0
DA:207,0
DA:208,0
DA:209,0
DA:212,0
DA:223,0
FN:223,FluidAprOracleBase.setRewardsRate
FNDA:0,FluidAprOracleBase.setRewardsRate
DA:227,0
BRDA:227,11,0,-
DA:228,0
BRDA:228,12,0,-
BRDA:228,12,1,-
DA:230,0
DA:239,0
FN:239,FluidAprOracleBase.setManualRewardsApr
FNDA:0,FluidAprOracleBase.setManualRewardsApr
DA:243,0
BRDA:243,13,0,-
DA:244,0
BRDA:244,14,0,-
BRDA:244,14,1,-
DA:246,0
DA:254,0
FN:254,FluidAprOracleBase.setOperator
FNDA:0,FluidAprOracleBase.setOperator
DA:255,0
BRDA:255,15,0,-
BRDA:255,15,1,-
DA:256,0
DA:264,0
FN:264,FluidAprOracleBase.setUseManualRewardsApr
FNDA:0,FluidAprOracleBase.setUseManualRewardsApr
DA:267,0
FNF:10
FNH:0
LF:66
LH:0
BRF:25
BRH:0
end_of_record
TN:
SF:src/periphery/FluidAprOracleMainnet.sol
DA:49,4
FN:49,FluidAprOracleMainnet.constructor
FNDA:4,FluidAprOracleMainnet.constructor
DA:50,4
BRDA:50,0,0,2
BRDA:50,0,1,2
DA:51,2
DA:54,4
FN:54,FluidAprOracleMainnet.onlyOperator
FNDA:4,FluidAprOracleMainnet.onlyOperator
DA:55,4
BRDA:55,1,0,1
BRDA:55,1,1,2
DA:78,778
FN:78,FluidAprOracleMainnet.aprAfterDebtChange
FNDA:778,FluidAprOracleMainnet.aprAfterDebtChange
DA:82,778
DA:83,778
DA:88,778
DA:97,1
FN:97,FluidAprOracleMainnet.getSupplyRate
FNDA:1,FluidAprOracleMainnet.getSupplyRate
DA:101,779
DA:103,779
DA:105,779
DA:107,779
DA:109,779
BRDA:109,2,0,-
BRDA:109,2,1,779
DA:110,0
DA:114,779
DA:120,779
DA:121,779
DA:122,779
BRDA:122,3,0,259
BRDA:122,3,1,520
DA:123,259
DA:125,520
DA:128,779
BRDA:128,4,0,-
DA:129,0
DA:133,779
DA:143,1
FN:143,FluidAprOracleMainnet.getRewardRates
FNDA:1,FluidAprOracleMainnet.getRewardRates
DA:147,779
DA:149,779
DA:151,779
DA:154,779
DA:155,779
BRDA:155,5,0,259
BRDA:155,5,1,520
DA:156,259
DA:158,520
DA:161,779
BRDA:161,6,0,-
DA:162,0
DA:166,779
BRDA:166,7,0,-
DA:167,0
DA:174,779
BRDA:174,8,0,779
DA:175,0
BRDA:175,9,0,-
BRDA:175,9,1,779
DA:176,0
DA:179,779
DA:180,779
DA:182,779
DA:193,1
FN:193,FluidAprOracleMainnet.getFluidPriceUsdc
FNDA:1,FluidAprOracleMainnet.getFluidPriceUsdc
DA:194,780
DA:209,780
DA:220,4
FN:220,FluidAprOracleMainnet.setRewardsRate
FNDA:4,FluidAprOracleMainnet.setRewardsRate
DA:224,4
BRDA:224,10,0,3
DA:225,3
BRDA:225,11,0,1
BRDA:225,11,1,2
DA:227,3
DA:236,3
FN:236,FluidAprOracleMainnet.setManualRewardsApr
FNDA:3,FluidAprOracleMainnet.setManualRewardsApr
DA:240,3
BRDA:240,12,0,2
DA:241,2
BRDA:241,13,0,1
BRDA:241,13,1,1
DA:243,2
DA:251,3
FN:251,FluidAprOracleMainnet.setOperator
FNDA:3,FluidAprOracleMainnet.setOperator
DA:252,2
BRDA:252,14,0,1
BRDA:252,14,1,1
DA:253,1
DA:261,1
FN:261,FluidAprOracleMainnet.setUseManualRewardsApr
FNDA:1,FluidAprOracleMainnet.setUseManualRewardsApr
DA:264,1
FNF:10
FNH:10
LF:59
LH:53
BRF:24
BRH:19
end_of_record
TN:
SF:src/periphery/FluidAprOraclePolygon.sol
DA:44,0
FN:44,FluidAprOraclePolygon.constructor
FNDA:0,FluidAprOraclePolygon.constructor
DA:45,0
BRDA:45,0,0,-
BRDA:45,0,1,-
DA:46,0
DA:49,0
FN:49,FluidAprOraclePolygon.onlyOperator
FNDA:0,FluidAprOraclePolygon.onlyOperator
DA:50,0
BRDA:50,1,0,-
BRDA:50,1,1,-
DA:73,0
FN:73,FluidAprOraclePolygon.aprAfterDebtChange
FNDA:0,FluidAprOraclePolygon.aprAfterDebtChange
DA:77,0
DA:78,0
DA:83,0
DA:92,0
FN:92,FluidAprOraclePolygon.getSupplyRate
FNDA:0,FluidAprOraclePolygon.getSupplyRate
DA:96,0
DA:98,0
DA:100,0
DA:102,0
DA:106,0
DA:107,0
DA:108,0
BRDA:108,2,0,-
BRDA:108,2,1,-
DA:109,0
DA:111,0
DA:114,0
BRDA:114,3,0,-
DA:115,0
DA:119,0
DA:129,0
FN:129,FluidAprOraclePolygon.getRewardRates
FNDA:0,FluidAprOraclePolygon.getRewardRates
DA:133,0
DA:135,0
DA:137,0
DA:140,0
DA:141,0
BRDA:141,4,0,-
BRDA:141,4,1,-
DA:142,0
DA:144,0
DA:147,0
BRDA:147,5,0,-
DA:148,0
DA:152,0
BRDA:152,6,0,-
DA:153,0
DA:160,0
BRDA:160,7,0,-
DA:161,0
BRDA:161,8,0,-
BRDA:161,8,1,-
DA:162,0
DA:165,0
DA:166,0
DA:168,0
DA:179,0
FN:179,FluidAprOraclePolygon.getPolPriceUsdc
FNDA:0,FluidAprOraclePolygon.getPolPriceUsdc
DA:180,0
DA:203,0
FN:203,FluidAprOraclePolygon.setRewardsRate
FNDA:0,FluidAprOraclePolygon.setRewardsRate
DA:207,0
BRDA:207,9,0,-
DA:208,0
BRDA:208,10,0,-
BRDA:208,10,1,-
DA:210,0
DA:219,0
FN:219,FluidAprOraclePolygon.setManualRewardsApr
FNDA:0,FluidAprOraclePolygon.setManualRewardsApr
DA:223,0
BRDA:223,11,0,-
DA:224,0
BRDA:224,12,0,-
BRDA:224,12,1,-
DA:226,0
DA:234,0
FN:234,FluidAprOraclePolygon.setOperator
FNDA:0,FluidAprOraclePolygon.setOperator
DA:235,0
BRDA:235,13,0,-
BRDA:235,13,1,-
DA:236,0
DA:244,0
FN:244,FluidAprOraclePolygon.setUseManualRewardsApr
FNDA:0,FluidAprOraclePolygon.setUseManualRewardsApr
DA:247,0
FNF:10
FNH:0
LF:55
LH:0
BRF:22
BRH:0
end_of_record
